10:59:14 **** Incremental Build of configuration Debug for project test_uart ****
make -j3 all 
arm-none-eabi-gcc "../Src/uart.c" -mcpu=cortex-m4 -std=gnu11 -g3 -DDEBUG -DSTM32 -DSTM32F407G_DISC1 -DSTM32F4 -DSTM32F407VGTx -c -I../Inc -O0 -ffunction-sections -fdata-sections -Wall -fstack-usage -MMD -MP -MF"Src/uart.d" -MT"Src/uart.o" --specs=nano.specs -mfloat-abi=soft -mthumb -o "Src/uart.o"
In file included from ../Src/core_cm4.h:162,
                 from ../Src/stm32f407xx.h:167,
                 from ../Src/uart.h:5,
                 from ../Src/uart.c:1:
../Src/cmsis_compiler.h:48:12: fatal error: cmsis_gcc.h: No such file or directory
   48 |   #include "cmsis_gcc.h"
      |            ^~~~~~~~~~~~~
compilation terminated.
make: *** [Src/subdir.mk:34: Src/uart.o] Error 1
"make -j3 all" terminated with exit code 2. Build might be incomplete.

10:59:14 Build Failed. 2 errors, 0 warnings. (took 288ms)

